<?xml version="1.0" encoding="UTF-8"?>
<testsuite name="com.nokia.grpc2sztp.integration.ApplicationStartupValidationTest" tests="7" skipped="0" failures="0" errors="0" timestamp="2025-10-10T05:01:29.419Z" hostname="cursor" time="0.12">
  <properties/>
  <testcase name="testApplicationHasMainMethod()" classname="com.nokia.grpc2sztp.integration.ApplicationStartupValidationTest" time="0.023"/>
  <testcase name="testApplicationHasStartGrpcServerBean()" classname="com.nokia.grpc2sztp.integration.ApplicationStartupValidationTest" time="0.009"/>
  <testcase name="testApplicationCanBeInstantiated()" classname="com.nokia.grpc2sztp.integration.ApplicationStartupValidationTest" time="0.068"/>
  <testcase name="testApplicationClassHasSpringBootAnnotation()" classname="com.nokia.grpc2sztp.integration.ApplicationStartupValidationTest" time="0.009"/>
  <testcase name="testApplicationClassHasComponentScan()" classname="com.nokia.grpc2sztp.integration.ApplicationStartupValidationTest" time="0.0"/>
  <testcase name="testApplicationClassHasEnableScheduling()" classname="com.nokia.grpc2sztp.integration.ApplicationStartupValidationTest" time="0.0"/>
  <testcase name="testApplicationClassIsAccessible()" classname="com.nokia.grpc2sztp.integration.ApplicationStartupValidationTest" time="0.001"/>
  <system-out><![CDATA[]]></system-out>
  <system-err><![CDATA[]]></system-err>
</testsuite>
