<?xml version="1.0" encoding="UTF-8"?>
<testsuite name="com.nokia.grpc2sztp.integration.EdpComponentsAccessibilityTest" tests="13" skipped="0" failures="0" errors="0" timestamp="2025-10-10T05:01:29.544Z" hostname="cursor" time="0.06">
  <properties/>
  <testcase name="testEdpEntityBuilderPattern()" classname="com.nokia.grpc2sztp.integration.EdpComponentsAccessibilityTest" time="0.002"/>
  <testcase name="testEdpSerialNoSchedulerIsAccessible()" classname="com.nokia.grpc2sztp.integration.EdpComponentsAccessibilityTest" time="0.007"/>
  <testcase name="testFrngDataServiceIsAccessible()" classname="com.nokia.grpc2sztp.integration.EdpComponentsAccessibilityTest" time="0.004"/>
  <testcase name="testEdpEntityHasJpaAnnotations()" classname="com.nokia.grpc2sztp.integration.EdpComponentsAccessibilityTest" time="0.005"/>
  <testcase name="testEdpSerialNoServiceIsAccessible()" classname="com.nokia.grpc2sztp.integration.EdpComponentsAccessibilityTest" time="0.002"/>
  <testcase name="testAllEdpServicesHaveProperAnnotations()" classname="com.nokia.grpc2sztp.integration.EdpComponentsAccessibilityTest" time="0.001"/>
  <testcase name="testEdpPackageStructure()" classname="com.nokia.grpc2sztp.integration.EdpComponentsAccessibilityTest" time="0.004"/>
  <testcase name="testEdpSerialNoRepositoryExtendsJpaRepository()" classname="com.nokia.grpc2sztp.integration.EdpComponentsAccessibilityTest" time="0.001"/>
  <testcase name="testEdpIntegrationServiceIsAccessible()" classname="com.nokia.grpc2sztp.integration.EdpComponentsAccessibilityTest" time="0.003"/>
  <testcase name="testEdpSerialNoEntityIsAccessible()" classname="com.nokia.grpc2sztp.integration.EdpComponentsAccessibilityTest" time="0.001"/>
  <testcase name="testDataSourceConfigIsAccessible()" classname="com.nokia.grpc2sztp.integration.EdpComponentsAccessibilityTest" time="0.018"/>
  <testcase name="testEdpSerialNoRepositoryIsAccessible()" classname="com.nokia.grpc2sztp.integration.EdpComponentsAccessibilityTest" time="0.002"/>
  <testcase name="testMacAddressServiceIsAccessible()" classname="com.nokia.grpc2sztp.integration.EdpComponentsAccessibilityTest" time="0.0"/>
  <system-out><![CDATA[]]></system-out>
  <system-err><![CDATA[]]></system-err>
</testsuite>
